<?xml version="1.0" encoding="UTF-8"?>
<!-- Generated by org.testng.reporters.JUnitReportReporter -->
<testsuite hostname="DeepikaRajesh" failures="0" tests="2" name="pack1.ContactTest" time="0.003" errors="0" timestamp="2025-03-03T18:05:41 IST" skipped="0">
  <testcase classname="pack1.ContactTest" name="createcontactTest" time="0.003"/>
  <testcase classname="pack1.ContactTest" name="modifycontactTest" time="0.000"/>
</testsuite> <!-- pack1.ContactTest -->
