<?xml version="1.0" encoding="UTF-8"?>
<!-- Generated by org.testng.reporters.JUnitReportReporter -->
<testsuite hostname="DeepikaRajesh" failures="0" tests="2" name="pack2.OrgTest" time="0.000" errors="0" timestamp="2025-03-03T18:05:41 IST" skipped="0">
  <testcase classname="pack2.OrgTest" name="createorgTest" time="0.000"/>
  <testcase classname="pack2.OrgTest" name="modifyorgTest" time="0.000"/>
</testsuite> <!-- pack2.OrgTest -->
