<?xml version="1.0" encoding="UTF-8"?>
<!-- Generated by org.testng.reporters.JUnitReportReporter -->
<testsuite hostname="DeepikaRajesh" failures="0" tests="2" name="pack1.ContactTest" time="0.009" errors="0" timestamp="2025-03-03T14:53:14 IST" skipped="0">
  <testcase classname="pack1.ContactTest" name="modifycontactTest" time="0.001"/>
  <testcase classname="pack1.ContactTest" name="createcontactTest" time="0.008"/>
</testsuite> <!-- pack1.ContactTest -->
